<?xml version="1.0" encoding="UTF-8"?>
<!-- Generated by org.testng.reporters.JUnitXMLReporter -->
<testsuite hostname="prabhjots-MacBook-Pro.local" name="Personal Loan" tests="5" failures="0" timestamp="24 Nov 2022 19:02:44 GMT" time="0.017" errors="0">
  <testcase name="Demo" time="0.004" classname="testng.loginTest"/>
  <testcase name="ploan" time="0.001" classname="testng.loginTest2"/>
  <testcase name="LoginAPIHomeLoan" time="0.001" classname="testng.loginTest4"/>
  <testcase name="MobileloginHomeloan" time="0.001" classname="testng.loginTest4"/>
  <testcase name="WebloginHomeloan" time="0.001" classname="testng.loginTest4"/>
</testsuite> <!-- Personal Loan -->
