<?xml version="1.0" encoding="UTF-8"?>
<testng-results skipped="0" failed="0" total="2" passed="2">
  <reporter-output>
  </reporter-output>
  <suite name="Default suite" duration-ms="21" started-at="2022-12-12T07:46:24Z" finished-at="2022-12-12T07:46:24Z">
    <groups>
    </groups>
    <test name="Default test" duration-ms="21" started-at="2022-12-12T07:46:24Z" finished-at="2022-12-12T07:46:24Z">
      <class name="testng.loginTest">
        <test-method status="PASS" signature="Demo()[pri:0, instance:testng.loginTest@256216b3]" name="Demo" duration-ms="9" started-at="2022-12-12T01:46:24Z" finished-at="2022-12-12T01:46:24Z">
          <reporter-output>
          </reporter-output>
        </test-method> <!-- Demo -->
        <test-method status="PASS" signature="SecondTest()[pri:0, instance:testng.loginTest@256216b3]" name="SecondTest" duration-ms="1" started-at="2022-12-12T01:46:24Z" finished-at="2022-12-12T01:46:24Z">
          <reporter-output>
          </reporter-output>
        </test-method> <!-- SecondTest -->
        <test-method status="PASS" signature="lastexecution()[pri:0, instance:testng.loginTest@256216b3]" name="lastexecution" is-config="true" duration-ms="0" started-at="2022-12-12T01:46:24Z" finished-at="2022-12-12T01:46:24Z">
          <reporter-output>
          </reporter-output>
        </test-method> <!-- lastexecution -->
        <test-method status="PASS" signature="afSyite()[pri:0, instance:testng.loginTest@256216b3]" name="afSyite" is-config="true" duration-ms="1" started-at="2022-12-12T01:46:24Z" finished-at="2022-12-12T01:46:24Z">
          <reporter-output>
          </reporter-output>
        </test-method> <!-- afSyite -->
      </class> <!-- testng.loginTest -->
    </test> <!-- Default test -->
  </suite> <!-- Default suite -->
</testng-results>
